<?xml version="1.0" encoding="UTF-8"?>
<!-- Generated by org.testng.reporters.JUnitXMLReporter -->
<testsuite hostname="Durgesh-PC" ignored="0" name="Default test" tests="6" failures="0" timestamp="01 Dec 2019 22:17:44 GMT" time="125.271" errors="0">
  <testcase name="loginTimber" time="12.654" classname="com.zeidler.Zeidler"/>
  <testcase name="clickOnFiles" time="2.003" classname="com.zeidler.Zeidler"/>
  <testcase name="clickOnAddImages" time="1.478" classname="com.zeidler.Zeidler"/>
  <testcase name="uploadFile" time="68.17" classname="com.zeidler.Zeidler"/>
  <testcase name="editImages" time="7.268" classname="com.zeidler.Zeidler"/>
  <testcase name="deleteImages" time="14.562" classname="com.zeidler.Zeidler"/>
</testsuite> <!-- Default test -->
